<?xml version="1.0" encoding="UTF-8"?>
<!-- Generated by org.testng.reporters.JUnitReportReporter -->
<testsuite hostname="DESKTOP-7R46V5R" failures="0" tests="1" name="onpepper.Data_Analytics.Tests.WhatIfAnalysis_Validation" time="14.277" errors="0" timestamp="2025-03-03T13:20:23 IST" skipped="0">
  <testcase classname="onpepper.Data_Analytics.Tests.WhatIfAnalysis_Validation" name="RetriveBaseFile" time="14.277"/>
  <system-out/>
</testsuite> <!-- onpepper.Data_Analytics.Tests.WhatIfAnalysis_Validation -->
