<?xml version="1.0" encoding="UTF-8"?>
<!-- Generated by org.testng.reporters.JUnitReportReporter -->
<testsuite hostname="DESKTOP-7R46V5R" failures="0" tests="3" name="onpepper.Data_Analytics.Tests.Generated_Result_Validation" time="31.436" errors="0" timestamp="2024-10-21T14:47:17 IST" skipped="2">
  <testcase classname="onpepper.Data_Analytics.Tests.Generated_Result_Validation" name="checkdata" time="31.436"/>
  <system-out/>
  <testcase classname="onpepper.Data_Analytics.Tests.Generated_Result_Validation" name="getStartDate">
    <skipped/>
  </testcase> <!-- getStartDate -->
  <system-out/>
  <testcase classname="onpepper.Data_Analytics.Tests.Generated_Result_Validation" name="checkFormuladropdown">
    <skipped/>
  </testcase> <!-- checkFormuladropdown -->
  <system-out/>
</testsuite> <!-- onpepper.Data_Analytics.Tests.Generated_Result_Validation -->
