<?xml version="1.0" encoding="UTF-8"?>
<!-- Generated by org.testng.reporters.JUnitReportReporter -->
<testsuite hostname="DESKTOP-7R46V5R" failures="0" tests="2" name="onpepper.Data_Analytics.Tests.Generated_PCOF_Result_Validation" time="19.300" errors="0" timestamp="2025-03-11T17:05:40 IST" skipped="1">
  <testcase classname="onpepper.Data_Analytics.Tests.Generated_PCOF_Result_Validation" name="OBPD014" time="19.300"/>
  <system-out/>
  <testcase classname="onpepper.Data_Analytics.Tests.Generated_PCOF_Result_Validation" name="OBPD022">
    <skipped/>
  </testcase> <!-- OBPD022 -->
  <system-out/>
</testsuite> <!-- onpepper.Data_Analytics.Tests.Generated_PCOF_Result_Validation -->
