<?xml version="1.0" encoding="UTF-8"?>
<!-- Generated by org.testng.reporters.JUnitReportReporter -->
<testsuite hostname="DESKTOP-7R46V5R" failures="0" tests="1" name="onpepper.Data_Analytics.Tests.PCOF_Validation" time="29.454" errors="0" timestamp="2024-10-22T14:49:27 IST" skipped="0">
  <testcase classname="onpepper.Data_Analytics.Tests.PCOF_Validation" name="filterInvestmentindustry" time="29.454"/>
  <system-out/>
</testsuite> <!-- onpepper.Data_Analytics.Tests.PCOF_Validation -->
