<?xml version="1.0" encoding="UTF-8"?>
<!-- Generated by org.testng.reporters.JUnitReportReporter -->
<testsuite hostname="DESKTOP-4N84MDJ" failures="0" tests="1" name="onpepper.Data_Analytics.Tests.UploadFileValidation" time="28.482" errors="0" timestamp="2024-07-16T14:37:13 IST" skipped="0">
  <testcase classname="onpepper.Data_Analytics.Tests.UploadFileValidation" name="selectInvestment" time="28.482"/>
  <system-out/>
</testsuite> <!-- onpepper.Data_Analytics.Tests.UploadFileValidation -->
