<?xml version="1.0" encoding="UTF-8"?>
<!-- Generated by org.testng.reporters.JUnitReportReporter -->
<testsuite hostname="DESKTOP-7R46V5R" failures="0" tests="1" name="onpepper.Data_Analytics.Tests.SourceFile_Upload_Validation" time="32.778" errors="0" timestamp="2025-04-10T15:34:08 IST" skipped="0">
  <testcase classname="onpepper.Data_Analytics.Tests.SourceFile_Upload_Validation" name="checkMandatoryFields" time="32.778"/>
  <system-out/>
</testsuite> <!-- onpepper.Data_Analytics.Tests.SourceFile_Upload_Validation -->
