<?xml version="1.0" encoding="UTF-8"?>
<!-- Generated by org.testng.reporters.JUnitReportReporter -->
<testsuite hostname="DESKTOP-4N84MDJ" failures="0" tests="1" name="onpepper.Data_Analytics.Tests.Demo" time="57.264" errors="0" timestamp="2024-06-26T16:10:17 IST" skipped="0">
  <testcase classname="onpepper.Data_Analytics.Tests.Demo" name="demotest" time="57.264"/>
  <system-out/>
</testsuite> <!-- onpepper.Data_Analytics.Tests.Demo -->
