<?xml version="1.0" encoding="UTF-8"?>
<!-- Generated by org.testng.reporters.JUnitReportReporter -->
<testsuite hostname="DESKTOP-7R46V5R" failures="0" tests="2" name="onpepper.Data_Analytics.Tests.Upload_PCOF_Validation" time="21.902" errors="0" timestamp="2025-03-11T10:30:37 IST" skipped="1">
  <testcase classname="onpepper.Data_Analytics.Tests.Upload_PCOF_Validation" name="OBPD013_02" time="21.902"/>
  <system-out/>
  <testcase classname="onpepper.Data_Analytics.Tests.Upload_PCOF_Validation" name="OBPD013">
    <skipped/>
  </testcase> <!-- OBPD013 -->
  <system-out/>
</testsuite> <!-- onpepper.Data_Analytics.Tests.Upload_PCOF_Validation -->
