<?xml version="1.0" encoding="UTF-8"?>
<!-- Generated by org.testng.reporters.JUnitReportReporter -->
<testsuite hostname="DESKTOP-7R46V5R" failures="0" tests="1" name="onpepper.Data_Analytics.Tests.DataIngestion_Validation" time="47.335" errors="0" timestamp="2025-03-25T11:44:14 IST" skipped="0">
  <testcase classname="onpepper.Data_Analytics.Tests.DataIngestion_Validation" name="uploadCashFile" time="47.335"/>
  <system-out/>
</testsuite> <!-- onpepper.Data_Analytics.Tests.DataIngestion_Validation -->
